test-frameworks-usage:
  metadata:
    description: This ruleset provides analysis of test frameworks and libraries.
    sourceTechnologies: []
    tags: []
    targetTechnologies: []
  original-file: https://github.com/windup/windup-rulesets/tree/master/rules-reviewed/technology-usage/test-frameworks-usage.windup.xml
  rules:
    test-frameworks-sauge-00010:
      perform:
        classification:
          category-id: information
          description: The application embeds the EasyMock library.
          effort: '0'
          links: []
          tags: []
          title: Embedded framework - EasyMock
        technology-tag:
          level: INFORMATIONAL
          tag: EasyMock
      when:
        file:
          filename: '{*}easymock{*}.jar'
      where: {}
    test-frameworks-sauge-00020:
      perform:
        classification:
          category-id: information
          description: The application embeds the PowerMock library.
          effort: '0'
          links: []
          tags: []
          title: Embedded framework - PowerMock
        technology-tag:
          level: INFORMATIONAL
          tag: PowerMock
      when:
        file:
          filename: '{*}powermock{*}.jar'
      where: {}
    test-frameworks-sauge-00030:
      perform:
        classification:
          category-id: information
          description: The application embeds the Mockito library.
          effort: '0'
          links: []
          tags: []
          title: Embedded framework - Mockito
        technology-tag:
          level: INFORMATIONAL
          tag: Mockito
      when:
        file:
          filename: '{*}mockito{*}.jar'
      where: {}
    test-frameworks-sauge-00040:
      perform:
        classification:
          category-id: information
          description: The application embeds the TestNG library.
          effort: '0'
          links: []
          tags: []
          title: Embedded framework - TestNG
        technology-tag:
          level: INFORMATIONAL
          tag: TestNG
      when:
        file:
          filename: '{*}testng{*}.jar'
      where: {}
    test-frameworks-sauge-00050:
      perform:
        classification:
          category-id: information
          description: The application embeds the Hamcrest library.
          effort: '0'
          links: []
          tags: []
          title: Embedded framework - Hamcrest
        technology-tag:
          level: INFORMATIONAL
          tag: Hamcrest
      when:
        file:
          filename: '{*}hamcrest{*}.jar'
      where: {}
    test-frameworks-sauge-00060:
      perform:
        classification:
          category-id: information
          description: The application embeds a Spring Test framework.
          effort: '0'
          links: []
          tags: []
          title: Embedded framework - Spring Test
        technology-tag:
          level: INFORMATIONAL
          tag: Spring Test
      when:
        file:
          filename: spring{*}test{*}.jar
      where: {}
    test-frameworks-sauge-00070:
      perform:
        classification:
          category-id: information
          description: The application embeds the Spock framework.
          effort: '0'
          links: []
          tags: []
          title: Embedded framework - Spock
        technology-tag:
          level: INFORMATIONAL
          tag: Spock
      when:
        file:
          filename: spock{*}.jar
      where: {}
    test-frameworks-sauge-00080:
      perform:
        classification:
          category-id: information
          description: The application embeds the XMLUnit framework.
          effort: '0'
          links: []
          tags: []
          title: Embedded framework - XMLUnit
        technology-tag:
          level: INFORMATIONAL
          tag: XMLUnit
      when:
        file:
          filename: xmlunit{*}.jar
      where: {}
    test-frameworks-sauge-00090:
      perform:
        classification:
          category-id: information
          description: The application embeds the Akka Testkit library.
          effort: '0'
          links: []
          tags: []
          title: Embedded framework - Akka Testkit
        technology-tag:
          level: INFORMATIONAL
          tag: Akka Testkit
      when:
        file:
          filename: akka-testkit{*}.jar
      where: {}
    test-frameworks-sauge-00100:
      perform:
        classification:
          category-id: information
          description: The application embeds the REST Assured library.
          effort: '0'
          links: []
          tags: []
          title: Embedded framework - REST Assured
        technology-tag:
          level: INFORMATIONAL
          tag: REST Assured
      when:
        file:
          filename: rest-assured{*}.jar
      where: {}
    test-frameworks-sauge-00110:
      perform:
        classification:
          category-id: information
          description: The application embeds the DbUnit library.
          effort: '0'
          links: []
          tags: []
          title: Embedded library - DbUnit
        technology-tag:
          level: INFORMATIONAL
          tag: DbUnit
      when:
        file:
          filename: dbunit{*}.jar
      where: {}
    test-frameworks-sauge-00120:
      perform:
        classification:
          category-id: information
          description: The application embeds the Mule Functional Test Framework (TCK).
          effort: '0'
          links: []
          tags: []
          title: Embedded framework - Mule Functional Test Framework (TCK)
        technology-tag:
          level: INFORMATIONAL
          tag: Mule Functional Test Framework
      when:
        file:
          filename: mule-test{*}.jar
      where: {}
    test-frameworks-sauge-00130:
      perform:
        classification:
          category-id: information
          description: The application embeds the Guava Testing Library.
          effort: '0'
          links: []
          tags: []
          title: Embedded framework - Guava Testing Library
        technology-tag:
          level: INFORMATIONAL
          tag: Guava Testing
      when:
        file:
          filename: guava-testlib{*}.jar
      where: {}
    test-frameworks-sauge-00140:
      perform:
        classification:
          category-id: information
          description: The application embeds the RandomizedTesting Randomized Runner
            library.
          effort: '0'
          links: []
          tags: []
          title: Embedded framework - RandomizedTesting Randomized Runner
        technology-tag:
          level: INFORMATIONAL
          tag: RandomizedTesting Runner
      when:
        file:
          filename: randomizedtesting-runner{*}.jar
      where: {}
    test-frameworks-sauge-00150:
      perform:
        classification:
          category-id: information
          description: The application embeds the HttpUnit library.
          effort: '0'
          links: []
          tags: []
          title: Embedded framework - HttpUnit
        technology-tag:
          level: INFORMATIONAL
          tag: HttpUnit
      when:
        file:
          filename: httpunit{*}.jar
      where: {}
    test-frameworks-sauge-00160:
      perform:
        classification:
          category-id: information
          description: The application embeds the JCunit library.
          effort: '0'
          links: []
          tags: []
          title: Embedded framework - JCUnit
        technology-tag:
          level: INFORMATIONAL
          tag: JCunit
      when:
        file:
          filename: jcunit{*}.jar
      where: {}
    test-frameworks-sauge-00170:
      perform:
        classification:
          category-id: information
          description: The application embeds the JPA Matchers library.
          effort: '0'
          links: []
          tags: []
          title: Embedded framework - JPA Matchers
        technology-tag:
          level: INFORMATIONAL
          tag: JPA Matchers
      when:
        file:
          filename: jpa-matchers{*}.jar
      where: {}
    test-frameworks-sauge-00180:
      perform:
        classification:
          category-id: information
          description: The application embeds the MultithreadedTC library.
          effort: '0'
          links: []
          tags: []
          title: Embedded framework - MultithreadedTC
        technology-tag:
          level: INFORMATIONAL
          tag: MultithreadedTC
      when:
        file:
          filename: multithreadedtc{*}.jar
      where: {}
    test-frameworks-sauge-00190:
      perform:
        classification:
          category-id: information
          description: The application embeds the Specsy framework.
          effort: '0'
          links: []
          tags: []
          title: Embedded framework - Specsy
        technology-tag:
          level: INFORMATIONAL
          tag: Specsy
      when:
        file:
          filename: specsy{*}.jar
      where: {}
    test-frameworks-sauge-00200:
      perform:
        classification:
          category-id: information
          description: The application embeds the JFunk framework.
          effort: '0'
          links: []
          tags: []
          title: Embedded framework - JFunk
        technology-tag:
          level: INFORMATIONAL
          tag: JFunk
      when:
        file:
          filename: jfunk{*}.jar
      where: {}
    test-frameworks-sauge-00210:
      perform:
        classification:
          category-id: information
          description: The application embeds the Restito framework.
          effort: '0'
          links: []
          tags: []
          title: Embedded framework - Restito
        technology-tag:
          level: INFORMATIONAL
          tag: Restito
      when:
        file:
          filename: restito{*}.jar
      where: {}
    test-frameworks-sauge-00220:
      perform:
        classification:
          category-id: information
          description: The application embeds the Test Interface library.
          effort: '0'
          links: []
          tags: []
          title: Embedded framework - Test Interface
        technology-tag:
          level: INFORMATIONAL
          tag: Test Interface
      when:
        file:
          filename: test-interface{*}.jar
      where: {}
    test-frameworks-sauge-00230:
      perform:
        classification:
          category-id: information
          description: The application embeds the Play Test framework.
          effort: '0'
          links: []
          tags: []
          title: Embedded framework - Play Test
        technology-tag:
          level: INFORMATIONAL
          tag: Play Test
      when:
        file:
          filename: play-test{*}.jar
      where: {}
    test-frameworks-sauge-00240:
      perform:
        classification:
          category-id: information
          description: The application embeds the Arquillian framework.
          effort: '0'
          links: []
          tags: []
          title: Embedded framework - Arquillian
        technology-tag:
          level: INFORMATIONAL
          tag: Arquillian
      when:
        file:
          filename: '{*}arquillian{*}.jar'
      where: {}
    test-frameworks-sauge-00260:
      perform:
        classification:
          category-id: information
          description: The application embeds the Concordion framework.
          effort: '0'
          links: []
          tags: []
          title: Embedded framework - Concordion
        technology-tag:
          level: INFORMATIONAL
          tag: Concordion
      when:
        file:
          filename: '{*}concordion{*}.jar'
      where: {}
    test-frameworks-sauge-00270:
      perform:
        classification:
          category-id: information
          description: The application embeds the Cucumber framework.
          effort: '0'
          links: []
          tags: []
          title: Embedded framework - Cucumber
        technology-tag:
          level: INFORMATIONAL
          tag: Cucumber
      when:
        file:
          filename: '{*}cucumber{*}.jar'
      where: {}
    test-frameworks-sauge-00280:
      perform:
        classification:
          category-id: information
          description: The application embeds the EtlUnit framework.
          effort: '0'
          links: []
          tags: []
          title: Embedded framework - EtlUnit
        technology-tag:
          level: INFORMATIONAL
          tag: EtlUnit
      when:
        file:
          filename: '{*}etlunit{*}.jar'
      where: {}
    test-frameworks-sauge-00290:
      perform:
        classification:
          category-id: information
          description: The application embeds the HavaRunner framework.
          effort: '0'
          links: []
          tags: []
          title: Embedded framework - HavaRunner
        technology-tag:
          level: INFORMATIONAL
          tag: HavaRunner
      when:
        file:
          filename: '{*}havarunner{*}.jar'
      where: {}
    test-frameworks-sauge-00300:
      perform:
        classification:
          category-id: information
          description: The application embeds the JBehave framework.
          effort: '0'
          links: []
          tags: []
          title: Embedded framework - JBehave
        technology-tag:
          level: INFORMATIONAL
          tag: JBehave
      when:
        file:
          filename: '{*}jbehave{*}.jar'
      where: {}
    test-frameworks-sauge-00310:
      perform:
        classification:
          category-id: information
          description: The application embeds the JMock framework.
          effort: '0'
          links: []
          tags: []
          title: Embedded framework - JMock
        technology-tag:
          level: INFORMATIONAL
          tag: JMock
      when:
        file:
          filename: '{*}jmock-{*}.jar'
      where: {}
    test-frameworks-sauge-00320:
      perform:
        classification:
          category-id: information
          description: The application embeds the JMockit framework.
          effort: '0'
          links: []
          tags: []
          title: Embedded framework - JMockit
        technology-tag:
          level: INFORMATIONAL
          tag: JMockit
      when:
        file:
          filename: '{*}jmockit{*}.jar'
      where: {}
    test-frameworks-sauge-00330:
      perform:
        classification:
          category-id: information
          description: The application embeds the Jukito framework.
          effort: '0'
          links: []
          tags: []
          title: Embedded framework - Jukito
        technology-tag:
          level: INFORMATIONAL
          tag: Jukito
      when:
        file:
          filename: '{*}jukito{*}.jar'
      where: {}
    test-frameworks-sauge-00340:
      perform:
        classification:
          category-id: information
          description: The application embeds the Needle framework.
          effort: '0'
          links: []
          tags: []
          title: Embedded framework - Needle
        technology-tag:
          level: INFORMATIONAL
          tag: Needle
      when:
        file:
          filename: '{*}needle{*}.jar'
      where: {}
    test-frameworks-sauge-00350:
      perform:
        classification:
          category-id: information
          description: The application embeds the OpenPojo framework.
          effort: '0'
          links: []
          tags: []
          title: Embedded framework - OpenPojo
        technology-tag:
          level: INFORMATIONAL
          tag: OpenPojo
      when:
        file:
          filename: '{*}openpojo{*}.jar'
      where: {}
    test-frameworks-sauge-00360:
      perform:
        classification:
          category-id: information
          description: The application embeds the Unitils library.
          effort: '0'
          links: []
          tags: []
          title: Embedded framework - Unitils
        technology-tag:
          level: INFORMATIONAL
          tag: Unitils
      when:
        file:
          filename: '{*}unitils{*}.jar'
      where: {}
    test-frameworks-sauge-00370:
      perform:
        classification:
          category-id: information
          description: The application embeds the JUnit framework.
          effort: '0'
          links: []
          tags: []
          title: Embedded framework - JUnit
        technology-tag:
          level: INFORMATIONAL
          tag: JUnit
      when:
        file:
          filename: '{*}junit{*}.jar'
      where: {}
    test-frameworks-sauge-00560:
      perform:
        classification:
          category-id: information
          description: The application embeds the Cactus framework.
          effort: '0'
          links: []
          tags: []
          title: Embedded framework - Cactus
        technology-tag:
          level: INFORMATIONAL
          tag: Cactus
      when:
        file:
          filename: '{*}cactus{*}.jar'
      where: {}
